[debug] [2026-01-13T02:25:42.536Z] ----------------------------------------------------------------------
[debug] [2026-01-13T02:25:42.541Z] Command:       C:\Program Files\nodejs\node.exe C:\Users\M S I\AppData\Roaming\npm\node_modules\firebase-tools\lib\bin\firebase.js init hosting
[debug] [2026-01-13T02:25:42.541Z] CLI Version:   15.1.0
[debug] [2026-01-13T02:25:42.541Z] Platform:      win32
[debug] [2026-01-13T02:25:42.542Z] Node Version:  v22.6.0
[debug] [2026-01-13T02:25:42.542Z] Time:          Tue Jan 13 2026 09:25:42 GMT+0700 (Indochina Time)
[debug] [2026-01-13T02:25:42.542Z] ----------------------------------------------------------------------
[debug] 
[debug] [2026-01-13T02:25:42.546Z] >>> [apiv2][query] GET https://firebase-public.firebaseio.com/cli.json [none]
[info] 
     ######## #### ########  ######## ########     ###     ######  ########
     ##        ##  ##     ## ##       ##     ##  ##   ##  ##       ##
     ######    ##  ########  ######   ########  #########  ######  ######
     ##        ##  ##    ##  ##       ##     ## ##     ##       ## ##
     ##       #### ##     ## ######## ########  ##     ##  ######  ########

You're about to initialize a Firebase project in this directory:

  D:\Code\network-blocker

[info] 
=== Project Setup
[info] 
[info] First, let's associate this project directory with a Firebase project.
[info] You can create multiple project aliases by running firebase use --add, 
[info] 
[debug] [2026-01-13T02:25:46.528Z] <<< [apiv2][status] GET https://firebase-public.firebaseio.com/cli.json 200
[debug] [2026-01-13T02:25:46.528Z] <<< [apiv2][body] GET https://firebase-public.firebaseio.com/cli.json {"cloudBuildErrorAfter":1594252800000,"cloudBuildWarnAfter":1590019200000,"defaultNode10After":1594252800000,"minVersion":"3.0.5","node8DeploysDisabledAfter":1613390400000,"node8RuntimeDisabledAfter":1615809600000,"node8WarnAfter":1600128000000}
[debug] [2026-01-13T02:25:58.859Z] > command requires scopes: ["email","openid","https://www.googleapis.com/auth/cloudplatformprojects.readonly","https://www.googleapis.com/auth/firebase","https://www.googleapis.com/auth/cloud-platform"]
[debug] [2026-01-13T02:25:58.859Z] > authorizing via signed-in user (nhatquangvl2003@gmail.com)
[debug] [2026-01-13T02:25:58.860Z] Checked if tokens are valid: false, expires at: 1767755756914
[debug] [2026-01-13T02:25:58.860Z] Checked if tokens are valid: false, expires at: 1767755756914
[debug] [2026-01-13T02:25:58.860Z] > refreshing access token with scopes: []
[debug] [2026-01-13T02:25:58.861Z] >>> [apiv2][query] POST https://www.googleapis.com/oauth2/v3/token [none]
[debug] [2026-01-13T02:25:58.861Z] >>> [apiv2][body] POST https://www.googleapis.com/oauth2/v3/token [omitted]
[debug] [2026-01-13T02:25:59.089Z] <<< [apiv2][status] POST https://www.googleapis.com/oauth2/v3/token 200
[debug] [2026-01-13T02:25:59.089Z] <<< [apiv2][body] POST https://www.googleapis.com/oauth2/v3/token [omitted]
[debug] [2026-01-13T02:25:59.107Z] >>> [apiv2][query] GET https://firebase.googleapis.com/v1beta1/projects pageSize=100
[debug] [2026-01-13T02:25:59.984Z] <<< [apiv2][status] GET https://firebase.googleapis.com/v1beta1/projects 200
[debug] [2026-01-13T02:25:59.984Z] <<< [apiv2][body] GET https://firebase.googleapis.com/v1beta1/projects [omitted]
[info] 
=== Hosting Setup
[debug] [2026-01-13T02:26:02.149Z] Checked if tokens are valid: true, expires at: 1768274758089
[debug] [2026-01-13T02:26:02.149Z] Checked if tokens are valid: true, expires at: 1768274758089
[debug] [2026-01-13T02:26:02.149Z] >>> [apiv2][query] GET https://firebase.googleapis.com/v1beta1/projects/mindfulblock-33657 [none]
[debug] [2026-01-13T02:26:02.687Z] <<< [apiv2][status] GET https://firebase.googleapis.com/v1beta1/projects/mindfulblock-33657 200
[debug] [2026-01-13T02:26:02.687Z] <<< [apiv2][body] GET https://firebase.googleapis.com/v1beta1/projects/mindfulblock-33657 {"projectId":"mindfulblock-33657","projectNumber":"246566415924","displayName":"MindfulBlock","name":"projects/mindfulblock-33657","resources":{"hostingSite":"mindfulblock-33657"},"state":"ACTIVE","etag":"1_93c2ac52-f3db-4195-ab52-9a1136d2d049"}
[info] 
[info] Your public directory is the folder (relative to your project directory) that
[info] will contain Hosting assets to be uploaded with firebase deploy. If you
[info] have a build process for your assets, use your build's output directory.
[info] 
[debug] [2026-01-13T02:26:13.548Z] ExitPromptError: User force closed the prompt with SIGINT
    at Interface.sigint (C:\Users\M S I\AppData\Roaming\npm\node_modules\firebase-tools\node_modules\@inquirer\core\dist\commonjs\lib\create-prompt.js:101:37)
    at Interface.emit (node:events:520:28)
    at [_ttyWrite] [as _ttyWrite] (node:internal/readline/interface:1125:18)
    at ReadStream.onkeypress (node:internal/readline/interface:264:20)
    at ReadStream.emit (node:events:532:35)
    at emitKeys (node:internal/readline/utils:370:14)
    at emitKeys.next (<anonymous>)
    at ReadStream.onData (node:internal/readline/emitKeypressEvents:64:36)
    at ReadStream.emit (node:events:520:28)
    at addChunk (node:internal/streams/readable:559:12)
[error] 
[error] Error: An unexpected error has occurred.
